14:24:02.844 [main] INFO  resources.Base - Chrome Driver is initialised
14:24:02.867 [main] DEBUG amazon.HomePageTest - Browser is invoked
14:24:11.599 [main] DEBUG amazon.HomePageTest - Click search method is running
14:24:11.600 [main] DEBUG pageObjects.HomePage - Search Box element is accessed
14:24:17.118 [main] DEBUG amazon.HomePageTest - Click search method is running
14:24:17.120 [main] DEBUG pageObjects.HomePage - Search Box element is accessed
14:24:17.415 [main] DEBUG amazon.HomePageTest - Search Button method is running
14:24:17.416 [main] DEBUG pageObjects.HomePage - Search Button element is accessed
14:24:21.786 [main] DEBUG pageObjects.HomePage - Search Button element is accessed
14:24:52.571 [main] INFO  resources.Base - Chrome Driver is initialised
14:24:52.608 [main] DEBUG amazon.HomePageTest - Browser is invoked
14:24:59.389 [main] DEBUG amazon.HomePageTest - Click search method is running
14:24:59.390 [main] DEBUG pageObjects.HomePage - Search Box element is accessed
14:25:02.939 [main] DEBUG amazon.HomePageTest - Click search method is running
14:25:02.940 [main] DEBUG pageObjects.HomePage - Search Box element is accessed
14:25:03.192 [main] DEBUG amazon.HomePageTest - Search Button method is running
14:25:03.192 [main] DEBUG pageObjects.HomePage - Search Button element is accessed
14:25:06.447 [main] DEBUG pageObjects.HomePage - Search Button element is accessed
14:25:44.191 [main] INFO  resources.Base - Chrome Driver is initialised
14:25:44.207 [main] DEBUG amazon.HomePageTest - Browser is invoked
14:25:50.832 [main] DEBUG amazon.HomePageTest - Click search method is running
14:25:50.838 [main] DEBUG pageObjects.HomePage - Search Box element is accessed
14:25:53.842 [main] DEBUG amazon.HomePageTest - Click search method is running
14:25:53.843 [main] DEBUG pageObjects.HomePage - Search Box element is accessed
14:25:54.102 [main] DEBUG amazon.HomePageTest - Search Button method is running
14:25:54.103 [main] DEBUG pageObjects.HomePage - Search Button element is accessed
14:25:57.652 [main] DEBUG pageObjects.HomePage - Search Button element is accessed
21:45:15.363 [main] INFO  resources.Base - Chrome Driver is initialised
21:45:15.385 [main] DEBUG amazon.HomePageTest - Browser is invoked
21:45:22.308 [main] DEBUG amazon.HomePageTest - Click search method is running
21:45:22.311 [main] DEBUG pageObjects.HomePage - Search Box element is accessed
21:45:25.396 [main] DEBUG amazon.HomePageTest - Click search method is running
21:45:25.397 [main] DEBUG pageObjects.HomePage - Search Box element is accessed
21:45:25.719 [main] DEBUG amazon.HomePageTest - Search Button method is running
21:45:25.720 [main] DEBUG pageObjects.HomePage - Search Button element is accessed
21:45:29.294 [main] DEBUG pageObjects.HomePage - Search Button element is accessed
21:46:27.511 [main] INFO  resources.Base - Chrome Driver is initialised
21:46:27.531 [main] DEBUG amazon.HomePageTest - Browser is invoked
21:46:37.058 [main] DEBUG amazon.HomePageTest - Click search method is running
21:46:37.061 [main] DEBUG pageObjects.HomePage - Search Box element is accessed
21:46:40.879 [main] DEBUG amazon.HomePageTest - Click search method is running
21:46:40.881 [main] DEBUG pageObjects.HomePage - Search Box element is accessed
21:46:41.281 [main] DEBUG amazon.HomePageTest - Search Button method is running
21:46:41.282 [main] DEBUG pageObjects.HomePage - Search Button element is accessed
21:48:42.833 [main] INFO  resources.Base - Chrome Driver is initialised
21:48:42.855 [main] DEBUG amazon.HomePageTest - Browser is invoked
21:48:50.723 [main] DEBUG amazon.HomePageTest - Click search method is running
21:48:50.725 [main] DEBUG pageObjects.HomePage - Search Box element is accessed
21:48:55.389 [main] DEBUG amazon.HomePageTest - Click search method is running
21:48:55.391 [main] DEBUG pageObjects.HomePage - Search Box element is accessed
21:48:55.702 [main] DEBUG amazon.HomePageTest - Search Button method is running
21:48:55.702 [main] DEBUG pageObjects.HomePage - Search Button element is accessed
21:52:30.818 [main] INFO  resources.Base - Chrome Driver is initialised
21:52:30.838 [main] DEBUG amazon.HomePageTest - Browser is invoked
21:52:46.935 [main] DEBUG amazon.HomePageTest - Click search method is running
21:52:46.941 [main] DEBUG pageObjects.HomePage - Search Box element is accessed
21:52:50.728 [main] DEBUG amazon.HomePageTest - Click search method is running
21:52:50.729 [main] DEBUG pageObjects.HomePage - Search Box element is accessed
21:52:50.977 [main] DEBUG amazon.HomePageTest - Search Button method is running
21:52:50.977 [main] DEBUG pageObjects.HomePage - Search Button element is accessed
21:52:54.521 [main] DEBUG pageObjects.HomePage - Search Button element is accessed
21:56:21.523 [main] INFO  resources.Base - Chrome Driver is initialised
21:56:21.549 [main] DEBUG amazon.HomePageTest - Browser is invoked
21:56:33.044 [main] DEBUG amazon.HomePageTest - Click search method is running
